<?xml version="1.0" encoding="UTF-8"?>
<!-- Generated by org.testng.reporters.JUnitXMLReporter -->
<testsuite ignored="6" hostname="DESKTOP-33SJV2T" failures="0" tests="1" name="Default test" time="63.476" errors="0" timestamp="2022-12-30T15:18:19 IST">
  <testcase classname="testCase.Login_TC" name="patientsClientRecommandedVideoTest" time="47.31"/>
  <testcase classname="testCase.Login_TC" name="loginTest" time="0.0">
    <ignored/>
  </testcase> <!-- loginTest -->
  <testcase classname="testCase.Login_TC" name="profileTest" time="0.0">
    <ignored/>
  </testcase> <!-- profileTest -->
  <testcase classname="testCase.Login_TC" name="patientsTest" time="0.0">
    <ignored/>
  </testcase> <!-- patientsTest -->
  <testcase classname="testCase.Login_TC" name="patientsRecommandVideoTest" time="0.0">
    <ignored/>
  </testcase> <!-- patientsRecommandVideoTest -->
  <testcase classname="testCase.Login_TC" name="patientsAppointmentsTest" time="0.0">
    <ignored/>
  </testcase> <!-- patientsAppointmentsTest -->
  <testcase classname="testCase.Login_TC" name="patientsProfileTest" time="0.0">
    <ignored/>
  </testcase> <!-- patientsProfileTest -->
</testsuite> <!-- Default test -->
