<?xml version="1.0" encoding="UTF-8"?>
<!-- Generated by org.testng.reporters.JUnitXMLReporter -->
<testsuite ignored="12" hostname="DESKTOP-33SJV2T" failures="0" tests="1" name="Default test" time="51.015" errors="0" timestamp="2023-01-18T15:03:37 IST">
  <testcase classname="testCase.Login_TC" name="AppointmentGroupClassTest" time="38.38"/>
  <testcase classname="testCase.Login_TC" name="loginTest" time="0.0">
    <ignored/>
  </testcase> <!-- loginTest -->
  <testcase classname="testCase.Login_TC" name="profileTest" time="0.0">
    <ignored/>
  </testcase> <!-- profileTest -->
  <testcase classname="testCase.Login_TC" name="VideoLibraryTest" time="0.0">
    <ignored/>
  </testcase> <!-- VideoLibraryTest -->
  <testcase classname="testCase.Login_TC" name="RecommandVideosTest" time="0.0">
    <ignored/>
  </testcase> <!-- RecommandVideosTest -->
  <testcase classname="testCase.Login_TC" name="WorkingHoursTest" time="0.0">
    <ignored/>
  </testcase> <!-- WorkingHoursTest -->
  <testcase classname="testCase.Login_TC" name="patientsTest" time="0.0">
    <ignored/>
  </testcase> <!-- patientsTest -->
  <testcase classname="testCase.Login_TC" name="ConsultationsTest" time="0.0">
    <ignored/>
  </testcase> <!-- ConsultationsTest -->
  <testcase classname="testCase.Login_TC" name="patientsRecommandVideoTest" time="0.0">
    <ignored/>
  </testcase> <!-- patientsRecommandVideoTest -->
  <testcase classname="testCase.Login_TC" name="UserReportTest" time="0.0">
    <ignored/>
  </testcase> <!-- UserReportTest -->
  <testcase classname="testCase.Login_TC" name="patientsClientRecommandedVideoTest" time="0.0">
    <ignored/>
  </testcase> <!-- patientsClientRecommandedVideoTest -->
  <testcase classname="testCase.Login_TC" name="patientsAppointmentsTest" time="0.0">
    <ignored/>
  </testcase> <!-- patientsAppointmentsTest -->
  <testcase classname="testCase.Login_TC" name="patientsProfileTest" time="0.0">
    <ignored/>
  </testcase> <!-- patientsProfileTest -->
</testsuite> <!-- Default test -->
