<?xml version="1.0" encoding="UTF-8"?>
<testng-results ignored="12" total="13" passed="1" failed="0" skipped="0">
  <reporter-output>
  </reporter-output>
  <suite started-at="2023-01-18T15:02:46 IST" name="Default suite" finished-at="2023-01-18T15:03:37 IST" duration-ms="51015">
    <groups>
    </groups>
    <test started-at="2023-01-18T15:02:46 IST" name="Default test" finished-at="2023-01-18T15:03:37 IST" duration-ms="51015">
      <class name="testCase.Login_TC">
        <test-method is-config="true" signature="startTest()[pri:0, instance:testCase.Login_TC@60bd273d]" started-at="2023-01-18T15:02:46 IST" name="startTest" finished-at="2023-01-18T15:02:46 IST" duration-ms="413" status="PASS">
          <reporter-output>
          </reporter-output>
        </test-method> <!-- startTest -->
        <test-method is-config="true" signature="initialization()[pri:0, instance:testCase.Login_TC@60bd273d]" started-at="2023-01-18T15:02:46 IST" name="initialization" finished-at="2023-01-18T15:02:58 IST" duration-ms="12080" status="PASS">
          <reporter-output>
          </reporter-output>
        </test-method> <!-- initialization -->
        <test-method is-config="true" signature="setUp()[pri:0, instance:testCase.Login_TC@60bd273d]" started-at="2023-01-18T15:02:58 IST" name="setUp" finished-at="2023-01-18T15:02:58 IST" duration-ms="91" status="PASS">
          <reporter-output>
          </reporter-output>
        </test-method> <!-- setUp -->
        <test-method signature="AppointmentGroupClassTest()[pri:0, instance:testCase.Login_TC@60bd273d]" started-at="2023-01-18T15:02:58 IST" name="AppointmentGroupClassTest" finished-at="2023-01-18T15:03:37 IST" duration-ms="38380" status="PASS">
          <reporter-output>
          </reporter-output>
        </test-method> <!-- AppointmentGroupClassTest -->
        <test-method is-config="true" signature="driver_method_close()[pri:0, instance:testCase.Login_TC@60bd273d]" started-at="2023-01-18T15:03:37 IST" name="driver_method_close" finished-at="2023-01-18T15:03:37 IST" duration-ms="384" status="PASS">
          <reporter-output>
          </reporter-output>
        </test-method> <!-- driver_method_close -->
        <test-method is-config="true" signature="tearDown()[pri:0, instance:testCase.Login_TC@60bd273d]" started-at="2023-01-18T15:03:37 IST" name="tearDown" finished-at="2023-01-18T15:03:38 IST" duration-ms="362" status="PASS">
          <reporter-output>
          </reporter-output>
        </test-method> <!-- tearDown -->
      </class> <!-- testCase.Login_TC -->
    </test> <!-- Default test -->
  </suite> <!-- Default suite -->
</testng-results>
